{"D:\\BICI\\node-celenao\\app.js": {"path":"D:\\BICI\\node-celenao\\app.js","statementMap":{"0":{"start":{"line":1,"column":16},"end":{"line":1,"column":34}},"1":{"start":{"line":2,"column":17},"end":{"line":2,"column":36}},"2":{"start":{"line":4,"column":18},"end":{"line":4,"column":44}},"3":{"start":{"line":6,"column":0},"end":{"line":13,"column":40}},"4":{"start":{"line":12,"column":16},"end":{"line":12,"column":40}},"5":{"start":{"line":13,"column":20},"end":{"line":13,"column":38}},"6":{"start":{"line":15,"column":12},"end":{"line":15,"column":21}},"7":{"start":{"line":16,"column":0},"end":{"line":16,"column":48}},"8":{"start":{"line":17,"column":0},"end":{"line":17,"column":23}},"9":{"start":{"line":19,"column":0},"end":{"line":24,"column":3}},"10":{"start":{"line":20,"column":4},"end":{"line":20,"column":54}},"11":{"start":{"line":21,"column":4},"end":{"line":21,"column":124}},"12":{"start":{"line":22,"column":4},"end":{"line":22,"column":92}},"13":{"start":{"line":23,"column":4},"end":{"line":23,"column":11}},"14":{"start":{"line":26,"column":0},"end":{"line":26,"column":27}},"15":{"start":{"line":28,"column":24},"end":{"line":28,"column":64}},"16":{"start":{"line":30,"column":0},"end":{"line":37,"column":3}},"17":{"start":{"line":31,"column":20},"end":{"line":31,"column":50}},"18":{"start":{"line":32,"column":4},"end":{"line":32,"column":37}},"19":{"start":{"line":33,"column":4},"end":{"line":33,"column":24}},"20":{"start":{"line":34,"column":20},"end":{"line":34,"column":41}},"21":{"start":{"line":36,"column":4},"end":{"line":36,"column":19}},"22":{"start":{"line":39,"column":21},"end":{"line":39,"column":53}},"23":{"start":{"line":41,"column":26},"end":{"line":58,"column":1}},"24":{"start":{"line":42,"column":19},"end":{"line":42,"column":31}},"25":{"start":{"line":43,"column":4},"end":{"line":45,"column":6}},"26":{"start":{"line":44,"column":8},"end":{"line":44,"column":25}},"27":{"start":{"line":46,"column":25},"end":{"line":52,"column":6}},"28":{"start":{"line":53,"column":4},"end":{"line":57,"column":40}},"29":{"start":{"line":55,"column":8},"end":{"line":55,"column":29}},"30":{"start":{"line":57,"column":20},"end":{"line":57,"column":38}},"31":{"start":{"line":60,"column":13},"end":{"line":60,"column":33}},"32":{"start":{"line":62,"column":0},"end":{"line":65,"column":2}},"33":{"start":{"line":63,"column":4},"end":{"line":63,"column":29}},"34":{"start":{"line":64,"column":4},"end":{"line":64,"column":24}},"35":{"start":{"line":67,"column":0},"end":{"line":67,"column":21}}},"fnMap":{"0":{"name":"(anonymous_0)","decl":{"start":{"line":12,"column":10},"end":{"line":12,"column":11}},"loc":{"start":{"line":12,"column":16},"end":{"line":12,"column":40}},"line":12},"1":{"name":"(anonymous_1)","decl":{"start":{"line":13,"column":11},"end":{"line":13,"column":12}},"loc":{"start":{"line":13,"column":20},"end":{"line":13,"column":38}},"line":13},"2":{"name":"(anonymous_2)","decl":{"start":{"line":19,"column":8},"end":{"line":19,"column":9}},"loc":{"start":{"line":19,"column":28},"end":{"line":24,"column":1}},"line":19},"3":{"name":"(anonymous_3)","decl":{"start":{"line":30,"column":32},"end":{"line":30,"column":33}},"loc":{"start":{"line":30,"column":41},"end":{"line":37,"column":1}},"line":30},"4":{"name":"(anonymous_4)","decl":{"start":{"line":41,"column":26},"end":{"line":41,"column":27}},"loc":{"start":{"line":41,"column":38},"end":{"line":58,"column":1}},"line":41},"5":{"name":"(anonymous_5)","decl":{"start":{"line":43,"column":47},"end":{"line":43,"column":48}},"loc":{"start":{"line":43,"column":56},"end":{"line":45,"column":5}},"line":43},"6":{"name":"(anonymous_6)","decl":{"start":{"line":54,"column":10},"end":{"line":54,"column":11}},"loc":{"start":{"line":54,"column":16},"end":{"line":56,"column":5}},"line":54},"7":{"name":"(anonymous_7)","decl":{"start":{"line":57,"column":11},"end":{"line":57,"column":12}},"loc":{"start":{"line":57,"column":20},"end":{"line":57,"column":38}},"line":57},"8":{"name":"(anonymous_8)","decl":{"start":{"line":62,"column":29},"end":{"line":62,"column":30}},"loc":{"start":{"line":62,"column":35},"end":{"line":65,"column":1}},"line":62}},"branchMap":{},"s":{"0":1,"1":1,"2":1,"3":1,"4":1,"5":0,"6":1,"7":1,"8":1,"9":1,"10":1,"11":1,"12":1,"13":1,"14":1,"15":1,"16":1,"17":1,"18":1,"19":1,"20":1,"21":1,"22":1,"23":1,"24":0,"25":0,"26":0,"27":0,"28":0,"29":0,"30":0,"31":1,"32":1,"33":0,"34":0,"35":1},"f":{"0":1,"1":0,"2":1,"3":1,"4":0,"5":0,"6":0,"7":0,"8":0},"b":{},"_coverageSchema":"1a1c01bbd47fc00a2c39e90264f33305004495a9","hash":"b417e3911a5e1685bd8d83a2f9a1905f26920781"}
,"D:\\BICI\\node-celenao\\controllers\\empController.js": {"path":"D:\\BICI\\node-celenao\\controllers\\empController.js","statementMap":{"0":{"start":{"line":1,"column":15},"end":{"line":1,"column":32}},"1":{"start":{"line":2,"column":16},"end":{"line":2,"column":44}},"2":{"start":{"line":3,"column":17},"end":{"line":3,"column":50}},"3":{"start":{"line":5,"column":0},"end":{"line":14,"column":1}},"4":{"start":{"line":6,"column":4},"end":{"line":6,"column":24}},"5":{"start":{"line":7,"column":21},"end":{"line":9,"column":6}},"6":{"start":{"line":10,"column":4},"end":{"line":12,"column":63}},"7":{"start":{"line":11,"column":20},"end":{"line":11,"column":69}},"8":{"start":{"line":12,"column":28},"end":{"line":12,"column":59}},"9":{"start":{"line":13,"column":4},"end":{"line":13,"column":11}},"10":{"start":{"line":16,"column":0},"end":{"line":21,"column":1}},"11":{"start":{"line":17,"column":4},"end":{"line":19,"column":53}},"12":{"start":{"line":18,"column":26},"end":{"line":18,"column":56}},"13":{"start":{"line":19,"column":24},"end":{"line":19,"column":51}},"14":{"start":{"line":20,"column":4},"end":{"line":20,"column":11}},"15":{"start":{"line":23,"column":0},"end":{"line":32,"column":1}},"16":{"start":{"line":24,"column":21},"end":{"line":24,"column":63}},"17":{"start":{"line":25,"column":20},"end":{"line":25,"column":63}},"18":{"start":{"line":27,"column":4},"end":{"line":29,"column":57}},"19":{"start":{"line":28,"column":25},"end":{"line":28,"column":54}},"20":{"start":{"line":29,"column":24},"end":{"line":29,"column":55}},"21":{"start":{"line":31,"column":4},"end":{"line":31,"column":11}},"22":{"start":{"line":34,"column":0},"end":{"line":81,"column":1}},"23":{"start":{"line":35,"column":23},"end":{"line":35,"column":44}},"24":{"start":{"line":36,"column":20},"end":{"line":36,"column":38}},"25":{"start":{"line":37,"column":4},"end":{"line":80,"column":5}},"26":{"start":{"line":38,"column":8},"end":{"line":38,"column":28}},"27":{"start":{"line":39,"column":33},"end":{"line":41,"column":10}},"28":{"start":{"line":42,"column":8},"end":{"line":44,"column":61}},"29":{"start":{"line":43,"column":38},"end":{"line":43,"column":76}},"30":{"start":{"line":44,"column":28},"end":{"line":44,"column":59}},"31":{"start":{"line":48,"column":25},"end":{"line":48,"column":55}},"32":{"start":{"line":49,"column":8},"end":{"line":49,"column":32}},"33":{"start":{"line":50,"column":22},"end":{"line":50,"column":65}},"34":{"start":{"line":52,"column":8},"end":{"line":57,"column":61}},"35":{"start":{"line":54,"column":16},"end":{"line":54,"column":51}},"36":{"start":{"line":55,"column":16},"end":{"line":55,"column":72}},"37":{"start":{"line":57,"column":28},"end":{"line":57,"column":59}},"38":{"start":{"line":60,"column":24},"end":{"line":60,"column":55}},"39":{"start":{"line":61,"column":33},"end":{"line":61,"column":64}},"40":{"start":{"line":62,"column":33},"end":{"line":62,"column":64}},"41":{"start":{"line":63,"column":27},"end":{"line":63,"column":87}},"42":{"start":{"line":64,"column":23},"end":{"line":64,"column":103}},"43":{"start":{"line":65,"column":8},"end":{"line":65,"column":30}},"44":{"start":{"line":68,"column":29},"end":{"line":75,"column":10}},"45":{"start":{"line":76,"column":8},"end":{"line":78,"column":61}},"46":{"start":{"line":77,"column":24},"end":{"line":77,"column":68}},"47":{"start":{"line":78,"column":28},"end":{"line":78,"column":59}}},"fnMap":{"0":{"name":"(anonymous_0)","decl":{"start":{"line":5,"column":21},"end":{"line":5,"column":22}},"loc":{"start":{"line":5,"column":46},"end":{"line":14,"column":1}},"line":5},"1":{"name":"(anonymous_1)","decl":{"start":{"line":11,"column":14},"end":{"line":11,"column":15}},"loc":{"start":{"line":11,"column":20},"end":{"line":11,"column":69}},"line":11},"2":{"name":"(anonymous_2)","decl":{"start":{"line":12,"column":15},"end":{"line":12,"column":16}},"loc":{"start":{"line":12,"column":26},"end":{"line":12,"column":61}},"line":12},"3":{"name":"(anonymous_3)","decl":{"start":{"line":16,"column":21},"end":{"line":16,"column":22}},"loc":{"start":{"line":16,"column":46},"end":{"line":21,"column":1}},"line":16},"4":{"name":"(anonymous_4)","decl":{"start":{"line":18,"column":14},"end":{"line":18,"column":15}},"loc":{"start":{"line":18,"column":26},"end":{"line":18,"column":56}},"line":18},"5":{"name":"(anonymous_5)","decl":{"start":{"line":19,"column":15},"end":{"line":19,"column":16}},"loc":{"start":{"line":19,"column":24},"end":{"line":19,"column":51}},"line":19},"6":{"name":"(anonymous_6)","decl":{"start":{"line":23,"column":27},"end":{"line":23,"column":28}},"loc":{"start":{"line":23,"column":52},"end":{"line":32,"column":1}},"line":23},"7":{"name":"(anonymous_7)","decl":{"start":{"line":28,"column":14},"end":{"line":28,"column":15}},"loc":{"start":{"line":28,"column":25},"end":{"line":28,"column":54}},"line":28},"8":{"name":"(anonymous_8)","decl":{"start":{"line":29,"column":15},"end":{"line":29,"column":16}},"loc":{"start":{"line":29,"column":24},"end":{"line":29,"column":55}},"line":29},"9":{"name":"(anonymous_9)","decl":{"start":{"line":34,"column":21},"end":{"line":34,"column":22}},"loc":{"start":{"line":34,"column":46},"end":{"line":81,"column":1}},"line":34},"10":{"name":"(anonymous_10)","decl":{"start":{"line":43,"column":18},"end":{"line":43,"column":19}},"loc":{"start":{"line":43,"column":38},"end":{"line":43,"column":76}},"line":43},"11":{"name":"(anonymous_11)","decl":{"start":{"line":44,"column":19},"end":{"line":44,"column":20}},"loc":{"start":{"line":44,"column":28},"end":{"line":44,"column":59}},"line":44},"12":{"name":"(anonymous_12)","decl":{"start":{"line":53,"column":18},"end":{"line":53,"column":19}},"loc":{"start":{"line":53,"column":36},"end":{"line":56,"column":13}},"line":53},"13":{"name":"(anonymous_13)","decl":{"start":{"line":57,"column":19},"end":{"line":57,"column":20}},"loc":{"start":{"line":57,"column":28},"end":{"line":57,"column":59}},"line":57},"14":{"name":"(anonymous_14)","decl":{"start":{"line":77,"column":18},"end":{"line":77,"column":19}},"loc":{"start":{"line":77,"column":24},"end":{"line":77,"column":68}},"line":77},"15":{"name":"(anonymous_15)","decl":{"start":{"line":78,"column":19},"end":{"line":78,"column":20}},"loc":{"start":{"line":78,"column":28},"end":{"line":78,"column":59}},"line":78}},"branchMap":{"0":{"loc":{"start":{"line":37,"column":4},"end":{"line":80,"column":5}},"type":"if","locations":[{"start":{"line":37,"column":4},"end":{"line":80,"column":5}},{"start":{"line":37,"column":4},"end":{"line":80,"column":5}}],"line":37}},"s":{"0":1,"1":1,"2":1,"3":1,"4":0,"5":0,"6":0,"7":0,"8":0,"9":0,"10":1,"11":1,"12":0,"13":0,"14":0,"15":1,"16":0,"17":0,"18":0,"19":0,"20":0,"21":0,"22":1,"23":0,"24":0,"25":0,"26":0,"27":0,"28":0,"29":0,"30":0,"31":0,"32":0,"33":0,"34":0,"35":0,"36":0,"37":0,"38":0,"39":0,"40":0,"41":0,"42":0,"43":0,"44":0,"45":0,"46":0,"47":0},"f":{"0":0,"1":0,"2":0,"3":1,"4":0,"5":0,"6":0,"7":0,"8":0,"9":0,"10":0,"11":0,"12":0,"13":0,"14":0,"15":0},"b":{"0":[0,0]},"_coverageSchema":"1a1c01bbd47fc00a2c39e90264f33305004495a9","hash":"2e678f2ec68e2a21cced7daa341e23a092d2d8c4"}
,"D:\\BICI\\node-celenao\\controllers\\iqAirController.js": {"path":"D:\\BICI\\node-celenao\\controllers\\iqAirController.js","statementMap":{"0":{"start":{"line":1,"column":14},"end":{"line":1,"column":35}},"1":{"start":{"line":2,"column":18},"end":{"line":2,"column":46}},"2":{"start":{"line":4,"column":21},"end":{"line":4,"column":54}},"3":{"start":{"line":6,"column":28},"end":{"line":12,"column":1}},"4":{"start":{"line":8,"column":4},"end":{"line":10,"column":53}},"5":{"start":{"line":9,"column":30},"end":{"line":9,"column":72}},"6":{"start":{"line":10,"column":24},"end":{"line":10,"column":51}},"7":{"start":{"line":11,"column":4},"end":{"line":11,"column":11}},"8":{"start":{"line":14,"column":12},"end":{"line":14,"column":77}},"9":{"start":{"line":15,"column":17},"end":{"line":24,"column":1}},"10":{"start":{"line":16,"column":4},"end":{"line":23,"column":40}},"11":{"start":{"line":18,"column":8},"end":{"line":18,"column":26}},"12":{"start":{"line":21,"column":8},"end":{"line":21,"column":42}},"13":{"start":{"line":23,"column":20},"end":{"line":23,"column":38}},"14":{"start":{"line":27,"column":22},"end":{"line":27,"column":144}},"15":{"start":{"line":28,"column":22},"end":{"line":37,"column":1}},"16":{"start":{"line":29,"column":4},"end":{"line":36,"column":40}},"17":{"start":{"line":31,"column":8},"end":{"line":31,"column":26}},"18":{"start":{"line":34,"column":8},"end":{"line":34,"column":24}},"19":{"start":{"line":36,"column":20},"end":{"line":36,"column":38}},"20":{"start":{"line":39,"column":0},"end":{"line":43,"column":1}}},"fnMap":{"0":{"name":"(anonymous_0)","decl":{"start":{"line":6,"column":28},"end":{"line":6,"column":29}},"loc":{"start":{"line":6,"column":53},"end":{"line":12,"column":1}},"line":6},"1":{"name":"(anonymous_1)","decl":{"start":{"line":9,"column":14},"end":{"line":9,"column":15}},"loc":{"start":{"line":9,"column":30},"end":{"line":9,"column":72}},"line":9},"2":{"name":"(anonymous_2)","decl":{"start":{"line":10,"column":15},"end":{"line":10,"column":16}},"loc":{"start":{"line":10,"column":24},"end":{"line":10,"column":51}},"line":10},"3":{"name":"(anonymous_3)","decl":{"start":{"line":15,"column":17},"end":{"line":15,"column":18}},"loc":{"start":{"line":15,"column":23},"end":{"line":24,"column":1}},"line":15},"4":{"name":"(anonymous_4)","decl":{"start":{"line":17,"column":10},"end":{"line":17,"column":11}},"loc":{"start":{"line":17,"column":19},"end":{"line":19,"column":5}},"line":17},"5":{"name":"(anonymous_5)","decl":{"start":{"line":20,"column":10},"end":{"line":20,"column":11}},"loc":{"start":{"line":20,"column":19},"end":{"line":22,"column":5}},"line":20},"6":{"name":"(anonymous_6)","decl":{"start":{"line":23,"column":11},"end":{"line":23,"column":12}},"loc":{"start":{"line":23,"column":20},"end":{"line":23,"column":38}},"line":23},"7":{"name":"(anonymous_7)","decl":{"start":{"line":28,"column":22},"end":{"line":28,"column":23}},"loc":{"start":{"line":28,"column":28},"end":{"line":37,"column":1}},"line":28},"8":{"name":"(anonymous_8)","decl":{"start":{"line":30,"column":10},"end":{"line":30,"column":11}},"loc":{"start":{"line":30,"column":19},"end":{"line":32,"column":5}},"line":30},"9":{"name":"(anonymous_9)","decl":{"start":{"line":33,"column":10},"end":{"line":33,"column":11}},"loc":{"start":{"line":33,"column":19},"end":{"line":35,"column":5}},"line":33},"10":{"name":"(anonymous_10)","decl":{"start":{"line":36,"column":11},"end":{"line":36,"column":12}},"loc":{"start":{"line":36,"column":20},"end":{"line":36,"column":38}},"line":36}},"branchMap":{},"s":{"0":1,"1":1,"2":1,"3":1,"4":0,"5":0,"6":0,"7":0,"8":1,"9":1,"10":1,"11":1,"12":1,"13":0,"14":1,"15":1,"16":0,"17":0,"18":0,"19":0,"20":1},"f":{"0":0,"1":0,"2":0,"3":1,"4":1,"5":1,"6":0,"7":0,"8":0,"9":0,"10":0},"b":{},"_coverageSchema":"1a1c01bbd47fc00a2c39e90264f33305004495a9","hash":"41e8acc9f12fdd11ec19875fd3c3d86f6c491c20"}
,"D:\\BICI\\node-celenao\\controllers\\platController.js": {"path":"D:\\BICI\\node-celenao\\controllers\\platController.js","statementMap":{"0":{"start":{"line":1,"column":13},"end":{"line":1,"column":38}},"1":{"start":{"line":3,"column":0},"end":{"line":12,"column":1}},"2":{"start":{"line":4,"column":4},"end":{"line":4,"column":24}},"3":{"start":{"line":5,"column":18},"end":{"line":7,"column":6}},"4":{"start":{"line":8,"column":4},"end":{"line":10,"column":63}},"5":{"start":{"line":9,"column":20},"end":{"line":9,"column":71}},"6":{"start":{"line":10,"column":28},"end":{"line":10,"column":59}},"7":{"start":{"line":11,"column":4},"end":{"line":11,"column":11}}},"fnMap":{"0":{"name":"(anonymous_0)","decl":{"start":{"line":3,"column":18},"end":{"line":3,"column":19}},"loc":{"start":{"line":3,"column":43},"end":{"line":12,"column":1}},"line":3},"1":{"name":"(anonymous_1)","decl":{"start":{"line":9,"column":14},"end":{"line":9,"column":15}},"loc":{"start":{"line":9,"column":20},"end":{"line":9,"column":71}},"line":9},"2":{"name":"(anonymous_2)","decl":{"start":{"line":10,"column":15},"end":{"line":10,"column":16}},"loc":{"start":{"line":10,"column":26},"end":{"line":10,"column":61}},"line":10}},"branchMap":{},"s":{"0":1,"1":1,"2":0,"3":0,"4":0,"5":0,"6":0,"7":0},"f":{"0":0,"1":0,"2":0},"b":{},"_coverageSchema":"1a1c01bbd47fc00a2c39e90264f33305004495a9","hash":"1b254c770a41c763d35b2bcb71ac3388f03b9f61"}
,"D:\\BICI\\node-celenao\\models\\airPollution.js": {"path":"D:\\BICI\\node-celenao\\models\\airPollution.js","statementMap":{"0":{"start":{"line":1,"column":17},"end":{"line":1,"column":36}},"1":{"start":{"line":3,"column":27},"end":{"line":10,"column":2}},"2":{"start":{"line":12,"column":0},"end":{"line":12,"column":68}}},"fnMap":{},"branchMap":{},"s":{"0":1,"1":1,"2":1},"f":{},"b":{},"_coverageSchema":"1a1c01bbd47fc00a2c39e90264f33305004495a9","hash":"a6d21e6497ff5ea2c0f0b1aef06eb0438c932875"}
,"D:\\BICI\\node-celenao\\models\\checkEmploye.js": {"path":"D:\\BICI\\node-celenao\\models\\checkEmploye.js","statementMap":{"0":{"start":{"line":1,"column":17},"end":{"line":1,"column":36}},"1":{"start":{"line":3,"column":27},"end":{"line":13,"column":2}},"2":{"start":{"line":15,"column":0},"end":{"line":15,"column":68}}},"fnMap":{},"branchMap":{},"s":{"0":1,"1":1,"2":1},"f":{},"b":{},"_coverageSchema":"1a1c01bbd47fc00a2c39e90264f33305004495a9","hash":"6d27a4343ca2715e5f62e79ab107c3a0cd4a536f"}
,"D:\\BICI\\node-celenao\\models\\employe.js": {"path":"D:\\BICI\\node-celenao\\models\\employe.js","statementMap":{"0":{"start":{"line":1,"column":17},"end":{"line":1,"column":36}},"1":{"start":{"line":3,"column":22},"end":{"line":9,"column":2}},"2":{"start":{"line":11,"column":0},"end":{"line":11,"column":58}}},"fnMap":{},"branchMap":{},"s":{"0":1,"1":1,"2":1},"f":{},"b":{},"_coverageSchema":"1a1c01bbd47fc00a2c39e90264f33305004495a9","hash":"f81af06d7fbc13641e5e632034cb4b4e09b6bc22"}
,"D:\\BICI\\node-celenao\\models\\plat.js": {"path":"D:\\BICI\\node-celenao\\models\\plat.js","statementMap":{"0":{"start":{"line":1,"column":17},"end":{"line":1,"column":36}},"1":{"start":{"line":3,"column":18},"end":{"line":7,"column":2}},"2":{"start":{"line":8,"column":0},"end":{"line":8,"column":51}}},"fnMap":{},"branchMap":{},"s":{"0":1,"1":1,"2":1},"f":{},"b":{},"_coverageSchema":"1a1c01bbd47fc00a2c39e90264f33305004495a9","hash":"6d8e7576cd3fe068564bd96d639f777ada899ba5"}
,"D:\\BICI\\node-celenao\\routes\\routes.js": {"path":"D:\\BICI\\node-celenao\\routes\\routes.js","statementMap":{"0":{"start":{"line":1,"column":16},"end":{"line":1,"column":34}},"1":{"start":{"line":2,"column":15},"end":{"line":2,"column":31}},"2":{"start":{"line":4,"column":22},"end":{"line":4,"column":61}},"3":{"start":{"line":5,"column":31},"end":{"line":5,"column":72}},"4":{"start":{"line":6,"column":23},"end":{"line":6,"column":63}},"5":{"start":{"line":8,"column":0},"end":{"line":8,"column":53}},"6":{"start":{"line":10,"column":0},"end":{"line":10,"column":53}},"7":{"start":{"line":12,"column":0},"end":{"line":12,"column":77}},"8":{"start":{"line":14,"column":0},"end":{"line":14,"column":58}},"9":{"start":{"line":16,"column":0},"end":{"line":16,"column":74}},"10":{"start":{"line":18,"column":0},"end":{"line":18,"column":49}},"11":{"start":{"line":20,"column":0},"end":{"line":20,"column":24}}},"fnMap":{},"branchMap":{},"s":{"0":1,"1":1,"2":1,"3":1,"4":1,"5":1,"6":1,"7":1,"8":1,"9":1,"10":1,"11":1},"f":{},"b":{},"_coverageSchema":"1a1c01bbd47fc00a2c39e90264f33305004495a9","hash":"28fada958c5e4d553c6962be8413329664cdea78"}
,"D:\\BICI\\node-celenao\\util\\constante.js": {"path":"D:\\BICI\\node-celenao\\util\\constante.js","statementMap":{"0":{"start":{"line":1,"column":16},"end":{"line":1,"column":54}},"1":{"start":{"line":2,"column":18},"end":{"line":2,"column":29}},"2":{"start":{"line":3,"column":19},"end":{"line":3,"column":29}},"3":{"start":{"line":5,"column":0},"end":{"line":9,"column":2}}},"fnMap":{},"branchMap":{},"s":{"0":1,"1":1,"2":1,"3":1},"f":{},"b":{},"_coverageSchema":"1a1c01bbd47fc00a2c39e90264f33305004495a9","hash":"709def94319706b4173910cad68b62f293b7070a"}
}
